2025-12-20 08:54:46,245 INFO Nightly tuner starting; trials=500
2025-12-20 08:54:46,245 INFO Running: venv_ai/bin/python Optimizer.py --trials 500
2025-12-20 09:54:46,306 ERROR Optimizer run failed: Command '['venv_ai/bin/python', 'Optimizer.py', '--trials', '500']' timed out after 3600 seconds
Traceback (most recent call last):
  File "/home/PyFin/Documents/StockAnalysis/StockAnalysis/nightly_tuner.py", line 48, in main
    proc = subprocess.run(cmd, capture_output=True, text=True, timeout=3600)
           ^^^^^^^^^^^^^^^^^^^^^^^^^^^^^^^^^^^^^^^^^^^^^^^^^^^^^^^^^^^^^^^^^
  File "/usr/lib/python3.12/subprocess.py", line 550, in run
    stdout, stderr = process.communicate(input, timeout=timeout)
                     ^^^^^^^^^^^^^^^^^^^^^^^^^^^^^^^^^^^^^^^^^^^
  File "/usr/lib/python3.12/subprocess.py", line 1209, in communicate
    stdout, stderr = self._communicate(input, endtime, timeout)
                     ^^^^^^^^^^^^^^^^^^^^^^^^^^^^^^^^^^^^^^^^^^
  File "/usr/lib/python3.12/subprocess.py", line 2116, in _communicate
    self._check_timeout(endtime, orig_timeout, stdout, stderr)
  File "/usr/lib/python3.12/subprocess.py", line 1253, in _check_timeout
    raise TimeoutExpired(
subprocess.TimeoutExpired: Command '['venv_ai/bin/python', 'Optimizer.py', '--trials', '500']' timed out after 3600 seconds
2025-12-20 09:54:46,318 INFO Nightly tuner finished in 3600.1 seconds
2025-12-21 00:00:00,922 INFO Nightly tuner starting; trials=500
2025-12-21 00:00:00,925 INFO Running: venv_ai/bin/python Optimizer.py --trials 500
2025-12-21 01:00:00,995 ERROR Optimizer run failed: Command '['venv_ai/bin/python', 'Optimizer.py', '--trials', '500']' timed out after 3600 seconds
Traceback (most recent call last):
  File "/home/PyFin/Documents/StockAnalysis/StockAnalysis/nightly_tuner.py", line 48, in main
    proc = subprocess.run(cmd, capture_output=True, text=True, timeout=3600)
           ^^^^^^^^^^^^^^^^^^^^^^^^^^^^^^^^^^^^^^^^^^^^^^^^^^^^^^^^^^^^^^^^^
  File "/usr/lib/python3.12/subprocess.py", line 550, in run
    stdout, stderr = process.communicate(input, timeout=timeout)
                     ^^^^^^^^^^^^^^^^^^^^^^^^^^^^^^^^^^^^^^^^^^^
  File "/usr/lib/python3.12/subprocess.py", line 1209, in communicate
    stdout, stderr = self._communicate(input, endtime, timeout)
                     ^^^^^^^^^^^^^^^^^^^^^^^^^^^^^^^^^^^^^^^^^^
  File "/usr/lib/python3.12/subprocess.py", line 2116, in _communicate
    self._check_timeout(endtime, orig_timeout, stdout, stderr)
  File "/usr/lib/python3.12/subprocess.py", line 1253, in _check_timeout
    raise TimeoutExpired(
subprocess.TimeoutExpired: Command '['venv_ai/bin/python', 'Optimizer.py', '--trials', '500']' timed out after 3600 seconds
2025-12-21 01:00:01,001 INFO Nightly tuner finished in 3600.1 seconds
2025-12-22 00:00:00,823 INFO Nightly tuner starting; trials=500
2025-12-22 00:00:00,824 INFO Running: venv_ai/bin/python Optimizer.py --trials 500
2025-12-22 01:00:00,955 ERROR Optimizer run failed: Command '['venv_ai/bin/python', 'Optimizer.py', '--trials', '500']' timed out after 3600 seconds
Traceback (most recent call last):
  File "/home/PyFin/Documents/StockAnalysis/StockAnalysis/nightly_tuner.py", line 48, in main
    proc = subprocess.run(cmd, capture_output=True, text=True, timeout=3600)
           ^^^^^^^^^^^^^^^^^^^^^^^^^^^^^^^^^^^^^^^^^^^^^^^^^^^^^^^^^^^^^^^^^
  File "/usr/lib/python3.12/subprocess.py", line 550, in run
    stdout, stderr = process.communicate(input, timeout=timeout)
                     ^^^^^^^^^^^^^^^^^^^^^^^^^^^^^^^^^^^^^^^^^^^
  File "/usr/lib/python3.12/subprocess.py", line 1209, in communicate
    stdout, stderr = self._communicate(input, endtime, timeout)
                     ^^^^^^^^^^^^^^^^^^^^^^^^^^^^^^^^^^^^^^^^^^
  File "/usr/lib/python3.12/subprocess.py", line 2116, in _communicate
    self._check_timeout(endtime, orig_timeout, stdout, stderr)
  File "/usr/lib/python3.12/subprocess.py", line 1253, in _check_timeout
    raise TimeoutExpired(
subprocess.TimeoutExpired: Command '['venv_ai/bin/python', 'Optimizer.py', '--trials', '500']' timed out after 3600 seconds
2025-12-22 01:00:00,985 INFO Nightly tuner finished in 3600.2 seconds
2025-12-23 00:00:00,793 INFO Nightly tuner starting; trials=500
2025-12-23 00:00:00,795 INFO Running: venv_ai/bin/python Optimizer.py --trials 500
2025-12-23 01:00:00,860 ERROR Optimizer run failed: Command '['venv_ai/bin/python', 'Optimizer.py', '--trials', '500']' timed out after 3600 seconds
Traceback (most recent call last):
  File "/home/PyFin/Documents/StockAnalysis/StockAnalysis/nightly_tuner.py", line 48, in main
    proc = subprocess.run(cmd, capture_output=True, text=True, timeout=3600)
           ^^^^^^^^^^^^^^^^^^^^^^^^^^^^^^^^^^^^^^^^^^^^^^^^^^^^^^^^^^^^^^^^^
  File "/usr/lib/python3.12/subprocess.py", line 550, in run
    stdout, stderr = process.communicate(input, timeout=timeout)
                     ^^^^^^^^^^^^^^^^^^^^^^^^^^^^^^^^^^^^^^^^^^^
  File "/usr/lib/python3.12/subprocess.py", line 1209, in communicate
    stdout, stderr = self._communicate(input, endtime, timeout)
                     ^^^^^^^^^^^^^^^^^^^^^^^^^^^^^^^^^^^^^^^^^^
  File "/usr/lib/python3.12/subprocess.py", line 2116, in _communicate
    self._check_timeout(endtime, orig_timeout, stdout, stderr)
  File "/usr/lib/python3.12/subprocess.py", line 1253, in _check_timeout
    raise TimeoutExpired(
subprocess.TimeoutExpired: Command '['venv_ai/bin/python', 'Optimizer.py', '--trials', '500']' timed out after 3600 seconds
2025-12-23 01:00:00,868 INFO Nightly tuner finished in 3600.1 seconds
2025-12-24 00:00:00,796 INFO Nightly tuner starting; trials=500
2025-12-24 00:00:00,797 INFO Running: venv_ai/bin/python Optimizer.py --trials 500
2025-12-24 01:00:00,876 ERROR Optimizer run failed: Command '['venv_ai/bin/python', 'Optimizer.py', '--trials', '500']' timed out after 3600 seconds
Traceback (most recent call last):
  File "/home/PyFin/Documents/StockAnalysis/StockAnalysis/nightly_tuner.py", line 48, in main
    proc = subprocess.run(cmd, capture_output=True, text=True, timeout=3600)
           ^^^^^^^^^^^^^^^^^^^^^^^^^^^^^^^^^^^^^^^^^^^^^^^^^^^^^^^^^^^^^^^^^
  File "/usr/lib/python3.12/subprocess.py", line 550, in run
    stdout, stderr = process.communicate(input, timeout=timeout)
                     ^^^^^^^^^^^^^^^^^^^^^^^^^^^^^^^^^^^^^^^^^^^
  File "/usr/lib/python3.12/subprocess.py", line 1209, in communicate
    stdout, stderr = self._communicate(input, endtime, timeout)
                     ^^^^^^^^^^^^^^^^^^^^^^^^^^^^^^^^^^^^^^^^^^
  File "/usr/lib/python3.12/subprocess.py", line 2116, in _communicate
    self._check_timeout(endtime, orig_timeout, stdout, stderr)
  File "/usr/lib/python3.12/subprocess.py", line 1253, in _check_timeout
    raise TimeoutExpired(
subprocess.TimeoutExpired: Command '['venv_ai/bin/python', 'Optimizer.py', '--trials', '500']' timed out after 3600 seconds
2025-12-24 01:00:00,882 INFO Nightly tuner finished in 3600.1 seconds
2025-12-25 00:00:00,847 INFO Nightly tuner starting; trials=500
2025-12-25 00:00:00,849 INFO Running: venv_ai/bin/python Optimizer.py --trials 500
2025-12-25 01:00:00,924 ERROR Optimizer run failed: Command '['venv_ai/bin/python', 'Optimizer.py', '--trials', '500']' timed out after 3600 seconds
Traceback (most recent call last):
  File "/home/PyFin/Documents/StockAnalysis/StockAnalysis/nightly_tuner.py", line 48, in main
    proc = subprocess.run(cmd, capture_output=True, text=True, timeout=3600)
           ^^^^^^^^^^^^^^^^^^^^^^^^^^^^^^^^^^^^^^^^^^^^^^^^^^^^^^^^^^^^^^^^^
  File "/usr/lib/python3.12/subprocess.py", line 550, in run
    stdout, stderr = process.communicate(input, timeout=timeout)
                     ^^^^^^^^^^^^^^^^^^^^^^^^^^^^^^^^^^^^^^^^^^^
  File "/usr/lib/python3.12/subprocess.py", line 1209, in communicate
    stdout, stderr = self._communicate(input, endtime, timeout)
                     ^^^^^^^^^^^^^^^^^^^^^^^^^^^^^^^^^^^^^^^^^^
  File "/usr/lib/python3.12/subprocess.py", line 2116, in _communicate
    self._check_timeout(endtime, orig_timeout, stdout, stderr)
  File "/usr/lib/python3.12/subprocess.py", line 1253, in _check_timeout
    raise TimeoutExpired(
subprocess.TimeoutExpired: Command '['venv_ai/bin/python', 'Optimizer.py', '--trials', '500']' timed out after 3600 seconds
2025-12-25 01:00:00,935 INFO Nightly tuner finished in 3600.1 seconds
2025-12-26 00:00:00,824 INFO Nightly tuner starting; trials=500
2025-12-26 00:00:00,825 INFO Running: venv_ai/bin/python Optimizer.py --trials 500
2025-12-26 01:00:00,889 ERROR Optimizer run failed: Command '['venv_ai/bin/python', 'Optimizer.py', '--trials', '500']' timed out after 3600 seconds
Traceback (most recent call last):
  File "/home/PyFin/Documents/StockAnalysis/StockAnalysis/nightly_tuner.py", line 48, in main
    proc = subprocess.run(cmd, capture_output=True, text=True, timeout=3600)
           ^^^^^^^^^^^^^^^^^^^^^^^^^^^^^^^^^^^^^^^^^^^^^^^^^^^^^^^^^^^^^^^^^
  File "/usr/lib/python3.12/subprocess.py", line 550, in run
    stdout, stderr = process.communicate(input, timeout=timeout)
                     ^^^^^^^^^^^^^^^^^^^^^^^^^^^^^^^^^^^^^^^^^^^
  File "/usr/lib/python3.12/subprocess.py", line 1209, in communicate
    stdout, stderr = self._communicate(input, endtime, timeout)
                     ^^^^^^^^^^^^^^^^^^^^^^^^^^^^^^^^^^^^^^^^^^
  File "/usr/lib/python3.12/subprocess.py", line 2116, in _communicate
    self._check_timeout(endtime, orig_timeout, stdout, stderr)
  File "/usr/lib/python3.12/subprocess.py", line 1253, in _check_timeout
    raise TimeoutExpired(
subprocess.TimeoutExpired: Command '['venv_ai/bin/python', 'Optimizer.py', '--trials', '500']' timed out after 3600 seconds
2025-12-26 01:00:00,901 INFO Nightly tuner finished in 3600.1 seconds
